{"meta": {"version": "7.3.1", "timestamp": "2023-10-05T13:38:44.047338", "branch_coverage": false, "show_contexts": false}, "files": {"src/geodense/__init__.py": {"executed_lines": [1], "summary": {"covered_lines": 0, "num_statements": 0, "percent_covered": 100.0, "percent_covered_display": "100", "missing_lines": 0, "excluded_lines": 0}, "missing_lines": [], "excluded_lines": []}, "src/geodense/lib.py": {"executed_lines": [1, 2, 3, 4, 5, 6, 7, 8, 10, 11, 12, 14, 15, 16, 24, 29, 30, 31, 32, 33, 40, 41, 42, 43, 46, 55, 57, 59, 60, 63, 65, 73, 79, 80, 81, 82, 84, 85, 87, 88, 89, 90, 91, 92, 95, 96, 97, 98, 101, 108, 109, 110, 111, 114, 117, 119, 120, 125, 131, 132, 138, 140, 141, 143, 144, 145, 146, 147, 148, 149, 150, 153, 156, 159, 160, 162, 163, 165, 170, 171, 172, 173, 175, 176, 177, 178, 181, 187, 189, 198, 204, 205, 206, 207, 208, 209, 210, 211, 212, 213, 214, 215, 216, 217, 218, 219, 220, 221, 224, 233, 234, 235, 236, 238, 239, 240, 241, 242, 243, 244, 245, 246, 247, 248, 251, 253, 254, 256, 257, 261, 262, 265, 290, 292, 294, 295, 296, 298, 299, 300, 301, 303, 304, 305, 308, 310, 312, 313, 318, 324, 326, 331, 332, 333, 334, 335, 336, 337, 343, 346, 347, 351, 357, 360, 361, 362, 363, 368, 369, 370, 371, 372, 375, 385, 386, 387, 388, 391, 395, 398, 401, 402, 404, 405, 406, 408, 410, 415, 416, 419, 420, 421, 426, 431, 434, 435, 437, 438, 439, 440, 441, 442, 444, 448, 456, 460, 462, 463, 464, 465, 466, 476, 481, 493, 500, 501, 504, 505, 506, 511, 514, 515, 517, 518, 522, 523, 527, 528, 535, 536, 538, 539, 543, 544, 547, 550, 551, 555, 556, 557, 558, 559, 560, 563, 566, 586, 587, 589, 590, 591, 595, 597, 599, 600, 602, 604, 607, 610, 613, 619, 620, 621, 622, 629, 632, 651, 652, 653, 654, 655, 656, 661, 662, 664, 669, 670, 671, 676, 677, 678, 681, 682, 683, 684, 685, 686, 687, 688, 691, 692, 693, 694, 697, 698, 701, 702, 704], "summary": {"covered_lines": 297, "num_statements": 297, "percent_covered": 100.0, "percent_covered_display": "100", "missing_lines": 0, "excluded_lines": 0}, "missing_lines": [], "excluded_lines": []}, "src/geodense/main.py": {"executed_lines": [1, 2, 3, 5, 6, 7, 9, 17, 20, 22, 23, 24, 25, 26, 27, 28, 29, 33, 34, 36, 39, 42, 43, 46, 47, 48, 49, 50, 51, 54, 62, 63, 66, 67, 68, 71, 77, 78, 79, 81, 82, 83, 85, 86, 87, 88, 89, 92, 93, 101, 103, 108, 110, 115, 116, 118, 125, 132, 140, 148, 150, 157, 158, 165, 172, 179, 181, 182, 184, 185, 186, 187, 188, 189, 190, 193], "summary": {"covered_lines": 76, "num_statements": 76, "percent_covered": 100.0, "percent_covered_display": "100", "missing_lines": 0, "excluded_lines": 1}, "missing_lines": [], "excluded_lines": [194]}}, "totals": {"covered_lines": 373, "num_statements": 373, "percent_covered": 100.0, "percent_covered_display": "100", "missing_lines": 0, "excluded_lines": 1}}