{"meta": {"format": 3, "version": "7.6.1", "timestamp": "2024-09-09T12:25:38.691226", "branch_coverage": false, "show_contexts": false}, "files": {"src/geodense/__init__.py": {"executed_lines": [1, 2, 3, 4, 5, 7, 9, 10, 13, 14, 15, 16, 17, 20, 21, 22, 23, 24, 25, 32, 46, 47, 48, 49, 50, 51], "summary": {"covered_lines": 26, "num_statements": 26, "percent_covered": 100.0, "percent_covered_display": "100", "missing_lines": 0, "excluded_lines": 0}, "missing_lines": [], "excluded_lines": [], "functions": {"get_log_handler": {"executed_lines": [14, 15, 16, 17], "summary": {"covered_lines": 4, "num_statements": 4, "percent_covered": 100.0, "percent_covered_display": "100", "missing_lines": 0, "excluded_lines": 0}, "missing_lines": [], "excluded_lines": []}, "get_formatter": {"executed_lines": [21, 22, 23, 24, 25], "summary": {"covered_lines": 5, "num_statements": 5, "percent_covered": 100.0, "percent_covered_display": "100", "missing_lines": 0, "excluded_lines": 0}, "missing_lines": [], "excluded_lines": []}, "add_stderr_logger": {"executed_lines": [46, 47, 48, 49, 50, 51], "summary": {"covered_lines": 6, "num_statements": 6, "percent_covered": 100.0, "percent_covered_display": "100", "missing_lines": 0, "excluded_lines": 0}, "missing_lines": [], "excluded_lines": []}, "": {"executed_lines": [1, 2, 3, 4, 5, 7, 9, 10, 13, 20, 32], "summary": {"covered_lines": 11, "num_statements": 11, "percent_covered": 100.0, "percent_covered_display": "100", "missing_lines": 0, "excluded_lines": 0}, "missing_lines": [], "excluded_lines": []}}, "classes": {"": {"executed_lines": [1, 2, 3, 4, 5, 7, 9, 10, 13, 14, 15, 16, 17, 20, 21, 22, 23, 24, 25, 32, 46, 47, 48, 49, 50, 51], "summary": {"covered_lines": 26, "num_statements": 26, "percent_covered": 100.0, "percent_covered_display": "100", "missing_lines": 0, "excluded_lines": 0}, "missing_lines": [], "excluded_lines": []}}}, "src/geodense/geojson.py": {"executed_lines": [1, 2, 4, 5, 7, 10, 13, 16, 17, 18, 21, 22, 23, 25, 26, 27, 28, 29, 30, 32, 33, 35, 38, 42], "summary": {"covered_lines": 24, "num_statements": 26, "percent_covered": 92.3076923076923, "percent_covered_display": "92", "missing_lines": 2, "excluded_lines": 0}, "missing_lines": [34, 39], "excluded_lines": [], "functions": {"CrsFeatureCollection.set_crs_auth_code": {"executed_lines": [26, 27, 28, 29, 30], "summary": {"covered_lines": 5, "num_statements": 5, "percent_covered": 100.0, "percent_covered_display": "100", "missing_lines": 0, "excluded_lines": 0}, "missing_lines": [], "excluded_lines": []}, "CrsFeatureCollection.get_crs_auth_code": {"executed_lines": [33, 35, 38, 42], "summary": {"covered_lines": 4, "num_statements": 6, "percent_covered": 66.66666666666667, "percent_covered_display": "67", "missing_lines": 2, "excluded_lines": 0}, "missing_lines": [34, 39], "excluded_lines": []}, "": {"executed_lines": [1, 2, 4, 5, 7, 10, 13, 16, 17, 18, 21, 22, 23, 25, 32], "summary": {"covered_lines": 15, "num_statements": 15, "percent_covered": 100.0, "percent_covered_display": "100", "missing_lines": 0, "excluded_lines": 0}, "missing_lines": [], "excluded_lines": []}}, "classes": {"GeoJsonCrsProp": {"executed_lines": [], "summary": {"covered_lines": 0, "num_statements": 0, "percent_covered": 100.0, "percent_covered_display": "100", "missing_lines": 0, "excluded_lines": 0}, "missing_lines": [], "excluded_lines": []}, "GeoJsonCrs": {"executed_lines": [], "summary": {"covered_lines": 0, "num_statements": 0, "percent_covered": 100.0, "percent_covered_display": "100", "missing_lines": 0, "excluded_lines": 0}, "missing_lines": [], "excluded_lines": []}, "CrsFeatureCollection": {"executed_lines": [26, 27, 28, 29, 30, 33, 35, 38, 42], "summary": {"covered_lines": 9, "num_statements": 11, "percent_covered": 81.81818181818181, "percent_covered_display": "82", "missing_lines": 2, "excluded_lines": 0}, "missing_lines": [34, 39], "excluded_lines": []}, "": {"executed_lines": [1, 2, 4, 5, 7, 10, 13, 16, 17, 18, 21, 22, 23, 25, 32], "summary": {"covered_lines": 15, "num_statements": 15, "percent_covered": 100.0, "percent_covered_display": "100", "missing_lines": 0, "excluded_lines": 0}, "missing_lines": [], "excluded_lines": []}}}, "src/geodense/lib.py": {"executed_lines": [1, 2, 3, 4, 5, 6, 7, 8, 9, 10, 12, 22, 23, 24, 25, 26, 27, 29, 30, 31, 40, 41, 42, 43, 44, 48, 51, 52, 55, 58, 59, 60, 63, 66, 67, 70, 73, 77, 78, 79, 80, 81, 86, 89, 90, 91, 94, 97, 102, 105, 108, 112, 113, 118, 122, 124, 125, 126, 128, 129, 131, 134, 137, 138, 142, 143, 145, 146, 148, 149, 150, 153, 154, 155, 156, 159, 164, 167, 170, 171, 172, 173, 174, 177, 185, 186, 190, 192, 193, 194, 195, 196, 199, 204, 206, 207, 209, 210, 211, 212, 215, 218, 226, 229, 230, 231, 234, 259, 261, 262, 263, 264, 267, 272, 273, 274, 275, 278, 280, 283, 288, 290, 291, 292, 299, 302, 308, 309, 310, 311, 312, 319, 320, 323, 328, 337, 339, 340, 341, 342, 343, 344, 348, 349, 350, 351, 352, 353, 360, 363, 367, 368, 369, 371, 374, 377, 386, 388, 389, 390, 391, 393, 394, 395, 396, 397, 398, 399, 403, 404, 407, 412, 415, 416, 418, 420, 423, 428, 429, 431, 433, 435, 436, 441, 442, 444, 450, 458, 460, 461, 465, 466, 467, 469, 471, 472, 473, 474, 475, 476, 479, 490, 496, 497, 500, 505, 507, 508, 509, 511, 512, 513, 515, 517, 524, 525, 528, 531, 532, 534, 535, 536, 541, 542, 543, 554, 555, 556, 560, 561, 564, 565, 566, 567, 570, 576, 578, 579, 580, 581, 584, 587, 588, 590, 591, 592, 593, 598, 599, 600, 601, 604, 608, 611, 614, 615, 618, 619, 624, 626, 629, 642, 649, 653, 654, 657, 660, 663, 664, 667, 668, 669, 670, 671, 672, 675, 678, 694, 695, 697, 699, 700, 702, 704, 706, 707, 708, 709, 712, 713, 718, 719, 720, 725, 728, 731, 734, 738, 739, 741, 744, 747, 752, 755, 757, 758, 759, 760, 761, 762, 763, 764, 767, 768, 771, 772, 773, 775, 776, 778, 779, 780, 782, 783, 784, 788, 791], "summary": {"covered_lines": 327, "num_statements": 346, "percent_covered": 94.50867052023122, "percent_covered_display": "95", "missing_lines": 19, "excluded_lines": 0}, "missing_lines": [95, 132, 139, 289, 345, 346, 372, 424, 437, 462, 557, 558, 559, 589, 594, 595, 609, 616, 753], "excluded_lines": [], "functions": {"densify_geojson_object": {"executed_lines": [58, 59, 60], "summary": {"covered_lines": 3, "num_statements": 3, "percent_covered": 100.0, "percent_covered_display": "100", "missing_lines": 0, "excluded_lines": 0}, "missing_lines": [], "excluded_lines": []}, "densify_geometry": {"executed_lines": [66, 67, 70], "summary": {"covered_lines": 3, "num_statements": 3, "percent_covered": 100.0, "percent_covered_display": "100", "missing_lines": 0, "excluded_lines": 0}, "missing_lines": [], "excluded_lines": []}, "densify_line_segment": {"executed_lines": [77, 78, 79, 80, 81], "summary": {"covered_lines": 5, "num_statements": 5, "percent_covered": 100.0, "percent_covered_display": "100", "missing_lines": 0, "excluded_lines": 0}, "missing_lines": [], "excluded_lines": []}, "check_density_geojson_object": {"executed_lines": [89, 90, 91, 94, 97, 102, 105], "summary": {"covered_lines": 7, "num_statements": 8, "percent_covered": 87.5, "percent_covered_display": "88", "missing_lines": 1, "excluded_lines": 0}, "missing_lines": [95], "excluded_lines": []}, "check_density_geometry": {"executed_lines": [112, 113], "summary": {"covered_lines": 2, "num_statements": 2, "percent_covered": 100.0, "percent_covered_display": "100", "missing_lines": 0, "excluded_lines": 0}, "missing_lines": [], "excluded_lines": []}, "check_density_linestring": {"executed_lines": [122, 124, 125, 126, 128, 129, 131, 134, 137, 138, 142, 143, 145, 146, 148, 149, 150, 153, 154, 155, 156], "summary": {"covered_lines": 21, "num_statements": 23, "percent_covered": 91.30434782608695, "percent_covered_display": "91", "missing_lines": 2, "excluded_lines": 0}, "missing_lines": [132, 139], "excluded_lines": []}, "_validate_dependent_file_args": {"executed_lines": [164, 167, 170, 171, 172, 173, 174], "summary": {"covered_lines": 7, "num_statements": 7, "percent_covered": 100.0, "percent_covered_display": "100", "missing_lines": 0, "excluded_lines": 0}, "missing_lines": [], "excluded_lines": []}, "check_density_file": {"executed_lines": [185, 186, 190, 192, 193, 194, 195, 196, 199, 204, 206, 207, 209, 210, 211, 212], "summary": {"covered_lines": 16, "num_statements": 16, "percent_covered": 100.0, "percent_covered_display": "100", "missing_lines": 0, "excluded_lines": 0}, "missing_lines": [], "excluded_lines": []}, "_report_line_string_to_geojson": {"executed_lines": [218, 226, 229, 230, 231], "summary": {"covered_lines": 5, "num_statements": 5, "percent_covered": 100.0, "percent_covered_display": "100", "missing_lines": 0, "excluded_lines": 0}, "missing_lines": [], "excluded_lines": []}, "densify_file": {"executed_lines": [259, 261, 262, 263, 264, 267, 272, 273, 274, 275, 278, 280], "summary": {"covered_lines": 12, "num_statements": 12, "percent_covered": 100.0, "percent_covered_display": "100", "missing_lines": 0, "excluded_lines": 0}, "missing_lines": [], "excluded_lines": []}, "transform_linestrings_in_coordinates": {"executed_lines": [288, 290, 291, 292, 299], "summary": {"covered_lines": 5, "num_statements": 6, "percent_covered": 83.33333333333333, "percent_covered_display": "83", "missing_lines": 1, "excluded_lines": 0}, "missing_lines": [289], "excluded_lines": []}, "traverse_linestrings_in_coordinates": {"executed_lines": [308, 309, 310, 311, 312, 319, 320], "summary": {"covered_lines": 7, "num_statements": 7, "percent_covered": 100.0, "percent_covered_display": "100", "missing_lines": 0, "excluded_lines": 0}, "missing_lines": [], "excluded_lines": []}, "traverse_geojson_geometries": {"executed_lines": [328, 337, 339, 340, 341, 342, 343, 344, 348, 349, 350, 351, 352, 353, 360, 363, 367, 368, 369, 371, 374], "summary": {"covered_lines": 21, "num_statements": 24, "percent_covered": 87.5, "percent_covered_display": "88", "missing_lines": 3, "excluded_lines": 0}, "missing_lines": [345, 346, 372], "excluded_lines": []}, "transform_geojson_geometries": {"executed_lines": [386, 388, 389, 390, 391, 393, 394, 395, 396, 397, 398, 399, 403, 404], "summary": {"covered_lines": 14, "num_statements": 14, "percent_covered": 100.0, "percent_covered_display": "100", "missing_lines": 0, "excluded_lines": 0}, "missing_lines": [], "excluded_lines": []}, "interpolate_geodesic": {"executed_lines": [412, 415, 416, 418, 420, 423, 428, 429, 431, 433, 435, 436, 441, 442, 444, 450, 458, 460, 461, 465, 466, 467, 469, 471, 472, 473, 474, 475, 476, 479, 490], "summary": {"covered_lines": 31, "num_statements": 34, "percent_covered": 91.17647058823529, "percent_covered_display": "91", "missing_lines": 3, "excluded_lines": 0}, "missing_lines": [424, 437, 462], "excluded_lines": []}, "_cartesian_distance": {"executed_lines": [497], "summary": {"covered_lines": 1, "num_statements": 1, "percent_covered": 100.0, "percent_covered_display": "100", "missing_lines": 0, "excluded_lines": 0}, "missing_lines": [], "excluded_lines": []}, "interpolate_src_proj": {"executed_lines": [505, 507, 508, 509, 511, 512, 513, 515, 517, 524, 525, 528, 531, 532, 534, 535, 536], "summary": {"covered_lines": 17, "num_statements": 17, "percent_covered": 100.0, "percent_covered_display": "100", "missing_lines": 0, "excluded_lines": 0}, "missing_lines": [], "excluded_lines": []}, "textio_to_geojson": {"executed_lines": [542, 543, 554, 555, 556, 560, 561], "summary": {"covered_lines": 7, "num_statements": 10, "percent_covered": 70.0, "percent_covered_display": "70", "missing_lines": 3, "excluded_lines": 0}, "missing_lines": [557, 558, 559], "excluded_lines": []}, "_get_crs_geojson": {"executed_lines": [576, 578, 579, 580, 581, 584, 587, 588, 590, 591, 592, 593, 598, 599, 600, 601, 604, 608, 611], "summary": {"covered_lines": 19, "num_statements": 23, "percent_covered": 82.6086956521739, "percent_covered_display": "83", "missing_lines": 4, "excluded_lines": 0}, "missing_lines": [589, 594, 595, 609], "excluded_lines": []}, "_flatten": {"executed_lines": [615, 618, 619, 624, 626], "summary": {"covered_lines": 5, "num_statements": 6, "percent_covered": 83.33333333333333, "percent_covered_display": "83", "missing_lines": 1, "excluded_lines": 0}, "missing_lines": [616], "excluded_lines": []}, "_is_linestring_geom": {"executed_lines": [642], "summary": {"covered_lines": 1, "num_statements": 1, "percent_covered": 100.0, "percent_covered_display": "100", "missing_lines": 0, "excluded_lines": 0}, "missing_lines": [], "excluded_lines": []}, "_transform_positions_in_coordinates": {"executed_lines": [653, 654, 657], "summary": {"covered_lines": 3, "num_statements": 3, "percent_covered": 100.0, "percent_covered_display": "100", "missing_lines": 0, "excluded_lines": 0}, "missing_lines": [], "excluded_lines": []}, "_get_intermediate_nr_points_and_segment_length": {"executed_lines": [663, 664, 667, 668, 669, 670, 671, 672, 675], "summary": {"covered_lines": 9, "num_statements": 9, "percent_covered": 100.0, "percent_covered_display": "100", "missing_lines": 0, "excluded_lines": 0}, "missing_lines": [], "excluded_lines": []}, "_add_vertices_to_line_segment": {"executed_lines": [694, 695, 697, 699, 700, 702, 704, 706, 707, 708, 709], "summary": {"covered_lines": 11, "num_statements": 11, "percent_covered": 100.0, "percent_covered_display": "100", "missing_lines": 0, "excluded_lines": 0}, "missing_lines": [], "excluded_lines": []}, "_round_coordinates": {"executed_lines": [713, 718, 719, 720, 725], "summary": {"covered_lines": 5, "num_statements": 5, "percent_covered": 100.0, "percent_covered_display": "100", "missing_lines": 0, "excluded_lines": 0}, "missing_lines": [], "excluded_lines": []}, "_get_geometry_type": {"executed_lines": [731], "summary": {"covered_lines": 1, "num_statements": 1, "percent_covered": 100.0, "percent_covered_display": "100", "missing_lines": 0, "excluded_lines": 0}, "missing_lines": [], "excluded_lines": []}, "_geom_has_3d_coords": {"executed_lines": [738, 741], "summary": {"covered_lines": 2, "num_statements": 2, "percent_covered": 100.0, "percent_covered_display": "100", "missing_lines": 0, "excluded_lines": 0}, "missing_lines": [], "excluded_lines": []}, "_geom_has_3d_coords._position_is_3d": {"executed_lines": [739], "summary": {"covered_lines": 1, "num_statements": 1, "percent_covered": 100.0, "percent_covered_display": "100", "missing_lines": 0, "excluded_lines": 0}, "missing_lines": [], "excluded_lines": []}, "_has_3d_coordinates": {"executed_lines": [747, 752, 755, 757, 758, 759, 760, 761, 762, 763, 764], "summary": {"covered_lines": 11, "num_statements": 12, "percent_covered": 91.66666666666667, "percent_covered_display": "92", "missing_lines": 1, "excluded_lines": 0}, "missing_lines": [753], "excluded_lines": []}, "validate_geom_type": {"executed_lines": [768, 771, 772, 773, 775, 776, 778, 779, 780, 782, 783, 784, 788, 791], "summary": {"covered_lines": 14, "num_statements": 14, "percent_covered": 100.0, "percent_covered_display": "100", "missing_lines": 0, "excluded_lines": 0}, "missing_lines": [], "excluded_lines": []}, "": {"executed_lines": [1, 2, 3, 4, 5, 6, 7, 8, 9, 10, 12, 22, 23, 24, 25, 26, 27, 29, 30, 31, 40, 41, 42, 43, 44, 48, 51, 52, 55, 63, 73, 86, 108, 118, 159, 177, 215, 234, 283, 302, 323, 377, 407, 496, 500, 541, 564, 565, 566, 567, 570, 614, 629, 649, 660, 678, 712, 728, 734, 744, 767], "summary": {"covered_lines": 61, "num_statements": 61, "percent_covered": 100.0, "percent_covered_display": "100", "missing_lines": 0, "excluded_lines": 0}, "missing_lines": [], "excluded_lines": []}}, "classes": {"InfValCoordinateError": {"executed_lines": [], "summary": {"covered_lines": 0, "num_statements": 0, "percent_covered": 100.0, "percent_covered_display": "100", "missing_lines": 0, "excluded_lines": 0}, "missing_lines": [], "excluded_lines": []}, "Has3D": {"executed_lines": [], "summary": {"covered_lines": 0, "num_statements": 0, "percent_covered": 100.0, "percent_covered_display": "100", "missing_lines": 0, "excluded_lines": 0}, "missing_lines": [], "excluded_lines": []}, "": {"executed_lines": [1, 2, 3, 4, 5, 6, 7, 8, 9, 10, 12, 22, 23, 24, 25, 26, 27, 29, 30, 31, 40, 41, 42, 43, 44, 48, 51, 52, 55, 58, 59, 60, 63, 66, 67, 70, 73, 77, 78, 79, 80, 81, 86, 89, 90, 91, 94, 97, 102, 105, 108, 112, 113, 118, 122, 124, 125, 126, 128, 129, 131, 134, 137, 138, 142, 143, 145, 146, 148, 149, 150, 153, 154, 155, 156, 159, 164, 167, 170, 171, 172, 173, 174, 177, 185, 186, 190, 192, 193, 194, 195, 196, 199, 204, 206, 207, 209, 210, 211, 212, 215, 218, 226, 229, 230, 231, 234, 259, 261, 262, 263, 264, 267, 272, 273, 274, 275, 278, 280, 283, 288, 290, 291, 292, 299, 302, 308, 309, 310, 311, 312, 319, 320, 323, 328, 337, 339, 340, 341, 342, 343, 344, 348, 349, 350, 351, 352, 353, 360, 363, 367, 368, 369, 371, 374, 377, 386, 388, 389, 390, 391, 393, 394, 395, 396, 397, 398, 399, 403, 404, 407, 412, 415, 416, 418, 420, 423, 428, 429, 431, 433, 435, 436, 441, 442, 444, 450, 458, 460, 461, 465, 466, 467, 469, 471, 472, 473, 474, 475, 476, 479, 490, 496, 497, 500, 505, 507, 508, 509, 511, 512, 513, 515, 517, 524, 525, 528, 531, 532, 534, 535, 536, 541, 542, 543, 554, 555, 556, 560, 561, 564, 565, 566, 567, 570, 576, 578, 579, 580, 581, 584, 587, 588, 590, 591, 592, 593, 598, 599, 600, 601, 604, 608, 611, 614, 615, 618, 619, 624, 626, 629, 642, 649, 653, 654, 657, 660, 663, 664, 667, 668, 669, 670, 671, 672, 675, 678, 694, 695, 697, 699, 700, 702, 704, 706, 707, 708, 709, 712, 713, 718, 719, 720, 725, 728, 731, 734, 738, 739, 741, 744, 747, 752, 755, 757, 758, 759, 760, 761, 762, 763, 764, 767, 768, 771, 772, 773, 775, 776, 778, 779, 780, 782, 783, 784, 788, 791], "summary": {"covered_lines": 327, "num_statements": 346, "percent_covered": 94.50867052023122, "percent_covered_display": "95", "missing_lines": 19, "excluded_lines": 0}, "missing_lines": [95, 132, 139, 289, 345, 346, 372, 424, 437, 462, 557, 558, 559, 589, 594, 595, 609, 616, 753], "excluded_lines": []}}}, "src/geodense/main.py": {"executed_lines": [1, 2, 3, 4, 5, 6, 7, 8, 10, 12, 13, 18, 20, 23, 24, 25, 26, 27, 28, 29, 30, 31, 34, 35, 37, 40, 41, 49, 59, 60, 68, 70, 79, 80, 82, 84, 85, 87, 90, 93, 94, 95, 96, 97, 101, 107, 108, 110, 115, 122, 130, 138, 145, 153, 157, 165, 167, 174, 181, 188, 195, 202, 213, 220, 223, 225, 226, 228, 229, 230, 231, 232, 233, 234, 235, 236, 239, 240, 241, 242, 245, 251, 252, 253, 254, 261, 275, 281, 284], "summary": {"covered_lines": 89, "num_statements": 93, "percent_covered": 95.6989247311828, "percent_covered_display": "96", "missing_lines": 4, "excluded_lines": 1}, "missing_lines": [270, 271, 273, 280], "excluded_lines": [285], "functions": {"cli_exception_handler": {"executed_lines": [25, 37], "summary": {"covered_lines": 2, "num_statements": 2, "percent_covered": 100.0, "percent_covered_display": "100", "missing_lines": 0, "excluded_lines": 0}, "missing_lines": [], "excluded_lines": []}, "cli_exception_handler.decorated": {"executed_lines": [26, 27, 28, 29, 30, 31, 34, 35], "summary": {"covered_lines": 8, "num_statements": 8, "percent_covered": 100.0, "percent_covered_display": "100", "missing_lines": 0, "excluded_lines": 0}, "missing_lines": [], "excluded_lines": []}, "densify_cmd": {"executed_lines": [49], "summary": {"covered_lines": 1, "num_statements": 1, "percent_covered": 100.0, "percent_covered_display": "100", "missing_lines": 0, "excluded_lines": 0}, "missing_lines": [], "excluded_lines": []}, "check_density_cmd": {"executed_lines": [68, 70, 79, 80, 82, 84, 85, 87, 90], "summary": {"covered_lines": 9, "num_statements": 9, "percent_covered": 100.0, "percent_covered_display": "100", "missing_lines": 0, "excluded_lines": 0}, "missing_lines": [], "excluded_lines": []}, "main": {"executed_lines": [94, 95, 96, 97, 101, 107, 108, 110, 115, 122, 130, 138, 145, 153, 157, 165, 167, 174, 181, 188, 195, 202, 213, 220, 223, 225, 226, 228, 229, 230, 231, 232, 233, 234, 235, 236], "summary": {"covered_lines": 36, "num_statements": 36, "percent_covered": 100.0, "percent_covered_display": "100", "missing_lines": 0, "excluded_lines": 0}, "missing_lines": [], "excluded_lines": []}, "is_json_file_arg": {"executed_lines": [251, 252, 253, 254, 261, 275, 281], "summary": {"covered_lines": 7, "num_statements": 11, "percent_covered": 63.63636363636363, "percent_covered_display": "64", "missing_lines": 4, "excluded_lines": 0}, "missing_lines": [270, 271, 273, 280], "excluded_lines": []}, "": {"executed_lines": [1, 2, 3, 4, 5, 6, 7, 8, 10, 12, 13, 18, 20, 23, 24, 40, 41, 59, 60, 93, 239, 240, 241, 242, 245, 284], "summary": {"covered_lines": 26, "num_statements": 26, "percent_covered": 100.0, "percent_covered_display": "100", "missing_lines": 0, "excluded_lines": 1}, "missing_lines": [], "excluded_lines": [285]}}, "classes": {"FileRequired": {"executed_lines": [], "summary": {"covered_lines": 0, "num_statements": 0, "percent_covered": 100.0, "percent_covered_display": "100", "missing_lines": 0, "excluded_lines": 0}, "missing_lines": [], "excluded_lines": []}, "": {"executed_lines": [1, 2, 3, 4, 5, 6, 7, 8, 10, 12, 13, 18, 20, 23, 24, 25, 26, 27, 28, 29, 30, 31, 34, 35, 37, 40, 41, 49, 59, 60, 68, 70, 79, 80, 82, 84, 85, 87, 90, 93, 94, 95, 96, 97, 101, 107, 108, 110, 115, 122, 130, 138, 145, 153, 157, 165, 167, 174, 181, 188, 195, 202, 213, 220, 223, 225, 226, 228, 229, 230, 231, 232, 233, 234, 235, 236, 239, 240, 241, 242, 245, 251, 252, 253, 254, 261, 275, 281, 284], "summary": {"covered_lines": 89, "num_statements": 93, "percent_covered": 95.6989247311828, "percent_covered_display": "96", "missing_lines": 4, "excluded_lines": 1}, "missing_lines": [270, 271, 273, 280], "excluded_lines": [285]}}}, "src/geodense/models.py": {"executed_lines": [1, 2, 4, 5, 6, 9, 10, 13, 14, 16, 22, 24, 25, 29, 30, 31, 32, 33, 34, 35, 36, 37, 44, 46, 48, 49, 53, 54, 57, 60, 61, 62, 63, 64, 67, 68, 70, 71, 73], "summary": {"covered_lines": 39, "num_statements": 44, "percent_covered": 88.63636363636364, "percent_covered_display": "89", "missing_lines": 5, "excluded_lines": 0}, "missing_lines": [41, 45, 55, 58, 72], "excluded_lines": [], "functions": {"DenseConfig.__init__": {"executed_lines": [22, 24, 25, 29, 30, 31, 32, 33, 34, 35, 36, 37, 44, 46, 48, 49], "summary": {"covered_lines": 16, "num_statements": 18, "percent_covered": 88.88888888888889, "percent_covered_display": "89", "missing_lines": 2, "excluded_lines": 0}, "missing_lines": [41, 45], "excluded_lines": []}, "DenseConfig._get_base_crs": {"executed_lines": [54, 57, 60, 61, 62, 63, 64, 67, 68], "summary": {"covered_lines": 9, "num_statements": 11, "percent_covered": 81.81818181818181, "percent_covered_display": "82", "missing_lines": 2, "excluded_lines": 0}, "missing_lines": [55, 58], "excluded_lines": []}, "DenseConfig.get_coord_precision": {"executed_lines": [71, 73], "summary": {"covered_lines": 2, "num_statements": 3, "percent_covered": 66.66666666666667, "percent_covered_display": "67", "missing_lines": 1, "excluded_lines": 0}, "missing_lines": [72], "excluded_lines": []}, "": {"executed_lines": [1, 2, 4, 5, 6, 9, 10, 13, 14, 16, 53, 70], "summary": {"covered_lines": 12, "num_statements": 12, "percent_covered": 100.0, "percent_covered_display": "100", "missing_lines": 0, "excluded_lines": 0}, "missing_lines": [], "excluded_lines": []}}, "classes": {"GeodenseError": {"executed_lines": [], "summary": {"covered_lines": 0, "num_statements": 0, "percent_covered": 100.0, "percent_covered_display": "100", "missing_lines": 0, "excluded_lines": 0}, "missing_lines": [], "excluded_lines": []}, "DenseConfig": {"executed_lines": [22, 24, 25, 29, 30, 31, 32, 33, 34, 35, 36, 37, 44, 46, 48, 49, 54, 57, 60, 61, 62, 63, 64, 67, 68, 71, 73], "summary": {"covered_lines": 27, "num_statements": 32, "percent_covered": 84.375, "percent_covered_display": "84", "missing_lines": 5, "excluded_lines": 0}, "missing_lines": [41, 45, 55, 58, 72], "excluded_lines": []}, "": {"executed_lines": [1, 2, 4, 5, 6, 9, 10, 13, 14, 16, 53, 70], "summary": {"covered_lines": 12, "num_statements": 12, "percent_covered": 100.0, "percent_covered_display": "100", "missing_lines": 0, "excluded_lines": 0}, "missing_lines": [], "excluded_lines": []}}}, "src/geodense/types.py": {"executed_lines": [1, 2, 4, 14, 15, 23, 25, 27, 31, 35, 44, 46], "summary": {"covered_lines": 12, "num_statements": 12, "percent_covered": 100.0, "percent_covered_display": "100", "missing_lines": 0, "excluded_lines": 0}, "missing_lines": [], "excluded_lines": [], "functions": {"": {"executed_lines": [1, 2, 4, 14, 15, 23, 25, 27, 31, 35, 44, 46], "summary": {"covered_lines": 12, "num_statements": 12, "percent_covered": 100.0, "percent_covered_display": "100", "missing_lines": 0, "excluded_lines": 0}, "missing_lines": [], "excluded_lines": []}}, "classes": {"": {"executed_lines": [1, 2, 4, 14, 15, 23, 25, 27, 31, 35, 44, 46], "summary": {"covered_lines": 12, "num_statements": 12, "percent_covered": 100.0, "percent_covered_display": "100", "missing_lines": 0, "excluded_lines": 0}, "missing_lines": [], "excluded_lines": []}}}}, "totals": {"covered_lines": 517, "num_statements": 547, "percent_covered": 94.51553930530164, "percent_covered_display": "95", "missing_lines": 30, "excluded_lines": 1}}