{"meta": {"version": "7.3.1", "timestamp": "2023-09-27T14:06:57.530319", "branch_coverage": false, "show_contexts": false}, "files": {"src/geodense/__init__.py": {"executed_lines": [1], "summary": {"covered_lines": 0, "num_statements": 0, "percent_covered": 100.0, "percent_covered_display": "100", "missing_lines": 0, "excluded_lines": 0}, "missing_lines": [], "excluded_lines": []}, "src/geodense/lib.py": {"executed_lines": [1, 2, 3, 4, 6, 7, 8, 10, 11, 12, 18, 19, 20, 23, 30, 32, 34, 35, 38, 40, 48, 61, 66, 67, 68, 69, 72, 73, 74, 79, 85, 87, 96, 103, 105, 106, 107, 109, 110, 111, 112, 114, 115, 120, 122, 127, 128, 129, 130, 136, 137, 138, 139, 144, 147, 148, 152, 153, 154, 155, 156, 157, 160, 163, 165, 166, 167, 169, 171, 176, 177, 180, 181, 182, 187, 189, 190, 191, 192, 193, 194, 196, 200, 208, 211, 216, 223, 224, 225, 226, 227, 231, 233, 235, 236, 238, 240, 243, 244, 247, 253, 254, 255, 256, 263, 266, 269, 270, 271, 272, 273, 274, 275, 276, 277, 278, 279, 280, 283, 290, 291, 292, 293, 296, 299, 301, 309, 312, 314, 315, 316, 317, 318, 319, 320, 321, 322, 325, 328, 331, 332, 334, 335, 337, 342, 343, 344, 345, 347, 348, 349, 350, 353, 372, 373, 374, 375, 376, 377, 381, 382, 384, 389, 390, 391, 396, 397, 398, 401, 402, 403, 404, 405, 406, 409, 410, 411, 412], "summary": {"covered_lines": 178, "num_statements": 178, "percent_covered": 100.0, "percent_covered_display": "100", "missing_lines": 0, "excluded_lines": 0}, "missing_lines": [], "excluded_lines": []}, "src/geodense/main.py": {"executed_lines": [1, 2, 4, 6, 14, 21, 26, 27, 28, 30, 31, 32, 34, 35, 38, 39, 47, 49, 54, 55, 56, 63, 70, 78, 80, 87, 88, 95, 102, 104, 105, 107, 108, 109, 110, 111, 112, 113, 116], "summary": {"covered_lines": 39, "num_statements": 39, "percent_covered": 100.0, "percent_covered_display": "100", "missing_lines": 0, "excluded_lines": 1}, "missing_lines": [], "excluded_lines": [117]}}, "totals": {"covered_lines": 217, "num_statements": 217, "percent_covered": 100.0, "percent_covered_display": "100", "missing_lines": 0, "excluded_lines": 1}}