{"meta": {"version": "7.3.1", "timestamp": "2023-09-28T18:49:11.536973", "branch_coverage": false, "show_contexts": false}, "files": {"src/geodense/__init__.py": {"executed_lines": [1], "summary": {"covered_lines": 0, "num_statements": 0, "percent_covered": 100.0, "percent_covered_display": "100", "missing_lines": 0, "excluded_lines": 0}, "missing_lines": [], "excluded_lines": []}, "src/geodense/lib.py": {"executed_lines": [1, 2, 3, 4, 5, 6, 8, 9, 10, 12, 13, 14, 20, 21, 22, 23, 24, 33, 40, 42, 44, 45, 48, 50, 58, 71, 76, 77, 78, 79, 82, 83, 84, 89, 95, 97, 106, 109, 110, 111, 113, 114, 118, 119, 123, 124, 131, 132, 134, 135, 139, 140, 143, 150, 152, 154, 155, 156, 158, 159, 160, 161, 163, 164, 169, 171, 178, 179, 181, 186, 187, 188, 189, 195, 196, 197, 198, 203, 206, 207, 211, 212, 213, 214, 215, 216, 219, 222, 224, 225, 226, 228, 230, 235, 236, 239, 240, 241, 246, 248, 249, 250, 251, 252, 253, 255, 259, 267, 270, 275, 282, 283, 284, 285, 286, 290, 292, 294, 295, 297, 299, 302, 303, 306, 312, 313, 314, 315, 322, 325, 328, 329, 330, 331, 332, 333, 334, 335, 336, 337, 338, 339, 342, 349, 350, 351, 352, 355, 358, 360, 368, 371, 372, 378, 380, 381, 382, 383, 384, 385, 386, 387, 388, 391, 394, 397, 398, 400, 401, 403, 408, 409, 410, 411, 413, 414, 415, 416, 419, 438, 439, 440, 441, 442, 443, 447, 448, 450, 455, 456, 457, 462, 463, 464, 467, 468, 469, 470, 471, 472, 475, 476, 477, 478, 481, 482, 485, 486, 488, 491, 492, 493, 494, 495], "summary": {"covered_lines": 214, "num_statements": 214, "percent_covered": 100.0, "percent_covered_display": "100", "missing_lines": 0, "excluded_lines": 0}, "missing_lines": [], "excluded_lines": []}, "src/geodense/main.py": {"executed_lines": [1, 2, 4, 5, 7, 15, 18, 20, 21, 22, 23, 24, 25, 26, 27, 31, 32, 34, 37, 40, 41, 44, 45, 46, 47, 48, 49, 52, 59, 60, 63, 64, 65, 68, 69, 70, 71, 73, 74, 75, 77, 78, 79, 80, 81, 84, 85, 93, 95, 100, 102, 107, 108, 110, 117, 124, 132, 134, 141, 142, 149, 156, 158, 159, 161, 162, 163, 164, 165, 166, 167, 170], "summary": {"covered_lines": 72, "num_statements": 72, "percent_covered": 100.0, "percent_covered_display": "100", "missing_lines": 0, "excluded_lines": 1}, "missing_lines": [], "excluded_lines": [171]}}, "totals": {"covered_lines": 286, "num_statements": 286, "percent_covered": 100.0, "percent_covered_display": "100", "missing_lines": 0, "excluded_lines": 1}}