{"meta": {"version": "7.3.1", "timestamp": "2023-11-22T14:44:27.391433", "branch_coverage": false, "show_contexts": false}, "files": {"src/geodense/__init__.py": {"executed_lines": [1, 2, 4, 7, 8, 9, 10, 11, 14, 15, 16, 17, 18, 19, 26, 40, 41, 42, 43, 44, 45], "summary": {"covered_lines": 21, "num_statements": 21, "percent_covered": 100.0, "percent_covered_display": "100", "missing_lines": 0, "excluded_lines": 0}, "missing_lines": [], "excluded_lines": []}, "src/geodense/geojson.py": {"executed_lines": [1, 2, 4, 5, 7, 10, 13, 16, 17, 18, 21, 22, 24, 30, 31, 33, 36, 40], "summary": {"covered_lines": 18, "num_statements": 24, "percent_covered": 75.0, "percent_covered_display": "75", "missing_lines": 6, "excluded_lines": 0}, "missing_lines": [25, 26, 27, 28, 32, 37], "excluded_lines": []}, "src/geodense/lib.py": {"executed_lines": [1, 2, 3, 4, 5, 6, 7, 9, 19, 20, 21, 22, 23, 25, 26, 27, 29, 30, 31, 33, 35, 43, 44, 45, 48, 53, 54, 55, 56, 59, 63, 64, 65, 66, 68, 74, 79, 81, 82, 83, 85, 86, 88, 90, 93, 94, 98, 100, 101, 102, 106, 107, 108, 109, 112, 118, 119, 120, 121, 124, 125, 128, 130, 131, 134, 137, 138, 140, 141, 143, 148, 149, 150, 151, 153, 154, 155, 156, 159, 162, 167, 171, 174, 180, 182, 183, 184, 185, 186, 189, 193, 194, 195, 198, 223, 225, 226, 228, 229, 232, 237, 238, 241, 242, 245, 246, 247, 258, 259, 260, 264, 265, 268, 276, 277, 278, 279, 280, 281, 282, 283, 284, 285, 286, 287, 288, 289, 290, 292, 298, 299, 300, 301, 302, 303, 304, 307, 310, 311, 314, 321, 327, 328, 329, 330, 333, 334, 336, 337, 338, 340, 343, 345, 348, 349, 350, 351, 353, 356, 361, 364, 367, 368, 370, 371, 372, 374, 376, 383, 384, 387, 388, 389, 394, 399, 402, 403, 405, 407, 410, 411, 413, 415, 417, 418, 423, 424, 426, 432, 440, 442, 443, 447, 450, 451, 453, 455, 456, 457, 458, 461, 474, 480, 492, 499, 500, 503, 504, 510, 515, 516, 517, 519, 522, 525, 527, 531, 538, 551, 552, 554, 559, 563, 564, 565, 566, 567, 570, 573, 574, 578, 579, 580, 581, 582, 583, 586, 589, 605, 606, 608, 610, 611, 618, 625, 626, 627, 628, 631, 632, 633, 634, 635, 638, 639, 644, 646, 649, 654, 655, 657, 658, 663, 666, 669, 670, 671, 672, 675, 677, 680, 683, 688, 691, 694, 696, 699, 700, 701, 702, 705, 706, 709, 711, 712, 716, 717, 718, 721, 722, 723, 727, 729, 732, 733, 735, 738, 741], "summary": {"covered_lines": 298, "num_statements": 320, "percent_covered": 93.125, "percent_covered_display": "93", "missing_lines": 22, "excluded_lines": 0}, "missing_lines": [96, 261, 262, 263, 291, 293, 296, 305, 306, 315, 316, 317, 318, 335, 344, 419, 444, 505, 543, 713, 714, 715], "excluded_lines": []}, "src/geodense/main.py": {"executed_lines": [1, 2, 3, 4, 5, 6, 8, 10, 11, 16, 18, 21, 22, 23, 24, 25, 26, 27, 28, 29, 35, 38, 39, 47, 57, 58, 63, 64, 66, 67, 68, 70, 71, 74, 75, 83, 85, 90, 91, 93, 101, 108, 116, 120, 128, 130, 137, 138, 145, 153, 156, 158, 159, 161, 162, 163, 164, 165, 166, 167, 168, 169, 172], "summary": {"covered_lines": 63, "num_statements": 65, "percent_covered": 96.92307692307692, "percent_covered_display": "97", "missing_lines": 2, "excluded_lines": 1}, "missing_lines": [32, 33], "excluded_lines": [173]}, "src/geodense/models.py": {"executed_lines": [1, 2, 4, 5, 6, 9, 10, 13, 14, 16, 22, 24, 25, 30, 31, 32, 33, 34, 35, 36, 41, 43, 45, 46, 50, 51, 54, 57, 58, 59, 60, 61, 64, 65, 67, 68, 70], "summary": {"covered_lines": 37, "num_statements": 42, "percent_covered": 88.0952380952381, "percent_covered_display": "88", "missing_lines": 5, "excluded_lines": 0}, "missing_lines": [38, 42, 52, 55, 69], "excluded_lines": []}, "src/geodense/types.py": {"executed_lines": [1, 3, 13, 15, 17, 21], "summary": {"covered_lines": 6, "num_statements": 6, "percent_covered": 100.0, "percent_covered_display": "100", "missing_lines": 0, "excluded_lines": 0}, "missing_lines": [], "excluded_lines": []}}, "totals": {"covered_lines": 443, "num_statements": 478, "percent_covered": 92.67782426778243, "percent_covered_display": "93", "missing_lines": 35, "excluded_lines": 1}}