{"meta": {"version": "7.3.1", "timestamp": "2023-09-28T07:55:23.046836", "branch_coverage": false, "show_contexts": false}, "files": {"src/geodense/__init__.py": {"executed_lines": [1], "summary": {"covered_lines": 0, "num_statements": 0, "percent_covered": 100.0, "percent_covered_display": "100", "missing_lines": 0, "excluded_lines": 0}, "missing_lines": [], "excluded_lines": []}, "src/geodense/lib.py": {"executed_lines": [1, 2, 3, 4, 5, 6, 8, 9, 10, 12, 13, 14, 20, 21, 22, 24, 33, 40, 42, 44, 45, 48, 50, 58, 71, 76, 77, 78, 79, 82, 83, 84, 89, 95, 97, 106, 109, 116, 117, 122, 123, 129, 131, 132, 133, 135, 136, 137, 138, 140, 141, 146, 148, 153, 154, 155, 156, 162, 163, 164, 165, 170, 173, 174, 178, 179, 180, 181, 182, 183, 186, 189, 191, 192, 193, 195, 197, 202, 203, 206, 207, 208, 213, 215, 216, 217, 218, 219, 220, 222, 226, 234, 237, 242, 249, 250, 251, 252, 253, 257, 259, 261, 262, 264, 266, 269, 270, 273, 279, 280, 281, 282, 289, 292, 295, 296, 297, 298, 299, 300, 301, 302, 303, 304, 305, 306, 309, 316, 317, 318, 319, 322, 325, 327, 335, 338, 339, 345, 347, 348, 349, 350, 351, 352, 353, 354, 355, 358, 361, 364, 365, 367, 368, 370, 375, 376, 377, 378, 380, 381, 382, 383, 386, 405, 406, 407, 408, 409, 410, 414, 415, 417, 422, 423, 424, 429, 430, 431, 434, 435, 436, 437, 438, 439, 442, 443, 444, 445, 448, 449, 452, 453, 455], "summary": {"covered_lines": 193, "num_statements": 193, "percent_covered": 100.0, "percent_covered_display": "100", "missing_lines": 0, "excluded_lines": 0}, "missing_lines": [], "excluded_lines": []}, "src/geodense/main.py": {"executed_lines": [1, 2, 4, 5, 7, 16, 18, 19, 20, 21, 22, 23, 27, 28, 30, 31, 34, 35, 38, 41, 48, 53, 54, 55, 57, 58, 59, 61, 62, 65, 66, 74, 76, 81, 83, 88, 89, 90, 97, 104, 112, 114, 121, 122, 129, 136, 138, 139, 141, 142, 143, 144, 145, 146, 147, 150], "summary": {"covered_lines": 56, "num_statements": 56, "percent_covered": 100.0, "percent_covered_display": "100", "missing_lines": 0, "excluded_lines": 1}, "missing_lines": [], "excluded_lines": [151]}}, "totals": {"covered_lines": 249, "num_statements": 249, "percent_covered": 100.0, "percent_covered_display": "100", "missing_lines": 0, "excluded_lines": 1}}