{"meta": {"version": "7.3.1", "timestamp": "2023-10-04T09:20:05.030399", "branch_coverage": false, "show_contexts": false}, "files": {"src/geodense/__init__.py": {"executed_lines": [1], "summary": {"covered_lines": 0, "num_statements": 0, "percent_covered": 100.0, "percent_covered_display": "100", "missing_lines": 0, "excluded_lines": 0}, "missing_lines": [], "excluded_lines": []}, "src/geodense/lib.py": {"executed_lines": [1, 2, 3, 4, 5, 6, 8, 9, 10, 12, 13, 14, 21, 26, 27, 28, 29, 30, 37, 38, 39, 40, 43, 52, 54, 56, 57, 60, 62, 70, 76, 77, 78, 79, 81, 82, 84, 85, 86, 87, 88, 89, 92, 93, 94, 95, 98, 105, 106, 107, 108, 111, 114, 116, 117, 122, 125, 126, 132, 134, 135, 136, 137, 138, 139, 140, 141, 142, 145, 148, 151, 152, 154, 155, 157, 162, 163, 164, 165, 167, 168, 169, 170, 173, 179, 181, 190, 197, 199, 201, 202, 203, 205, 206, 207, 208, 210, 211, 216, 218, 225, 226, 228, 233, 234, 235, 236, 242, 245, 246, 247, 248, 253, 257, 260, 263, 264, 266, 267, 268, 270, 272, 277, 278, 281, 282, 283, 288, 293, 296, 297, 299, 300, 301, 302, 303, 304, 306, 310, 318, 322, 324, 325, 326, 327, 328, 338, 343, 355, 362, 363, 366, 367, 368, 373, 376, 377, 379, 380, 384, 385, 389, 390, 397, 398, 400, 401, 405, 406, 409, 412, 413, 417, 418, 419, 420, 421, 422, 425, 428, 448, 449, 451, 452, 453, 457, 459, 461, 462, 464, 466, 469, 472, 475, 481, 482, 483, 484, 491, 494, 513, 514, 515, 516, 517, 518, 523, 524, 526, 531, 532, 533, 538, 539, 540, 543, 544, 545, 546, 547, 548, 549, 550, 553, 554, 555, 556, 559, 560, 563, 564, 566], "summary": {"covered_lines": 232, "num_statements": 232, "percent_covered": 100.0, "percent_covered_display": "100", "missing_lines": 0, "excluded_lines": 0}, "missing_lines": [], "excluded_lines": []}, "src/geodense/main.py": {"executed_lines": [1, 2, 3, 5, 6, 8, 16, 19, 21, 22, 23, 24, 25, 26, 27, 28, 32, 33, 35, 38, 41, 42, 45, 46, 47, 48, 49, 50, 53, 60, 61, 64, 65, 66, 69, 70, 71, 72, 74, 75, 76, 78, 79, 80, 81, 82, 85, 86, 94, 96, 101, 103, 108, 109, 111, 118, 125, 133, 135, 142, 143, 150, 157, 159, 160, 162, 163, 164, 165, 166, 167, 168, 171], "summary": {"covered_lines": 73, "num_statements": 73, "percent_covered": 100.0, "percent_covered_display": "100", "missing_lines": 0, "excluded_lines": 1}, "missing_lines": [], "excluded_lines": [172]}}, "totals": {"covered_lines": 305, "num_statements": 305, "percent_covered": 100.0, "percent_covered_display": "100", "missing_lines": 0, "excluded_lines": 1}}