{"meta": {"format": 3, "version": "7.6.1", "timestamp": "2026-02-12T11:57:06.987549", "branch_coverage": false, "show_contexts": false}, "files": {"src/geodense/__init__.py": {"executed_lines": [1, 2, 3, 4, 5, 7, 9, 10, 13, 14, 15, 16, 17, 20, 21, 22, 25, 26, 27, 34, 48, 49, 50, 51, 52, 53], "summary": {"covered_lines": 26, "num_statements": 26, "percent_covered": 100.0, "percent_covered_display": "100", "missing_lines": 0, "excluded_lines": 0}, "missing_lines": [], "excluded_lines": [], "functions": {"get_log_handler": {"executed_lines": [14, 15, 16, 17], "summary": {"covered_lines": 4, "num_statements": 4, "percent_covered": 100.0, "percent_covered_display": "100", "missing_lines": 0, "excluded_lines": 0}, "missing_lines": [], "excluded_lines": []}, "get_formatter": {"executed_lines": [21, 22, 25, 26, 27], "summary": {"covered_lines": 5, "num_statements": 5, "percent_covered": 100.0, "percent_covered_display": "100", "missing_lines": 0, "excluded_lines": 0}, "missing_lines": [], "excluded_lines": []}, "add_stderr_logger": {"executed_lines": [48, 49, 50, 51, 52, 53], "summary": {"covered_lines": 6, "num_statements": 6, "percent_covered": 100.0, "percent_covered_display": "100", "missing_lines": 0, "excluded_lines": 0}, "missing_lines": [], "excluded_lines": []}, "": {"executed_lines": [1, 2, 3, 4, 5, 7, 9, 10, 13, 20, 34], "summary": {"covered_lines": 11, "num_statements": 11, "percent_covered": 100.0, "percent_covered_display": "100", "missing_lines": 0, "excluded_lines": 0}, "missing_lines": [], "excluded_lines": []}}, "classes": {"": {"executed_lines": [1, 2, 3, 4, 5, 7, 9, 10, 13, 14, 15, 16, 17, 20, 21, 22, 25, 26, 27, 34, 48, 49, 50, 51, 52, 53], "summary": {"covered_lines": 26, "num_statements": 26, "percent_covered": 100.0, "percent_covered_display": "100", "missing_lines": 0, "excluded_lines": 0}, "missing_lines": [], "excluded_lines": []}}}, "src/geodense/geojson.py": {"executed_lines": [1, 2, 4, 5, 7, 10, 13, 16, 17, 18, 21, 22, 23, 25, 26, 27, 28, 29, 30, 32, 33, 35, 36, 38], "summary": {"covered_lines": 24, "num_statements": 26, "percent_covered": 92.3076923076923, "percent_covered_display": "92", "missing_lines": 2, "excluded_lines": 0}, "missing_lines": [34, 37], "excluded_lines": [], "functions": {"CrsFeatureCollection.set_crs_auth_code": {"executed_lines": [26, 27, 28, 29, 30], "summary": {"covered_lines": 5, "num_statements": 5, "percent_covered": 100.0, "percent_covered_display": "100", "missing_lines": 0, "excluded_lines": 0}, "missing_lines": [], "excluded_lines": []}, "CrsFeatureCollection.get_crs_auth_code": {"executed_lines": [33, 35, 36, 38], "summary": {"covered_lines": 4, "num_statements": 6, "percent_covered": 66.66666666666667, "percent_covered_display": "67", "missing_lines": 2, "excluded_lines": 0}, "missing_lines": [34, 37], "excluded_lines": []}, "": {"executed_lines": [1, 2, 4, 5, 7, 10, 13, 16, 17, 18, 21, 22, 23, 25, 32], "summary": {"covered_lines": 15, "num_statements": 15, "percent_covered": 100.0, "percent_covered_display": "100", "missing_lines": 0, "excluded_lines": 0}, "missing_lines": [], "excluded_lines": []}}, "classes": {"GeoJsonCrsProp": {"executed_lines": [], "summary": {"covered_lines": 0, "num_statements": 0, "percent_covered": 100.0, "percent_covered_display": "100", "missing_lines": 0, "excluded_lines": 0}, "missing_lines": [], "excluded_lines": []}, "GeoJsonCrs": {"executed_lines": [], "summary": {"covered_lines": 0, "num_statements": 0, "percent_covered": 100.0, "percent_covered_display": "100", "missing_lines": 0, "excluded_lines": 0}, "missing_lines": [], "excluded_lines": []}, "CrsFeatureCollection": {"executed_lines": [26, 27, 28, 29, 30, 33, 35, 36, 38], "summary": {"covered_lines": 9, "num_statements": 11, "percent_covered": 81.81818181818181, "percent_covered_display": "82", "missing_lines": 2, "excluded_lines": 0}, "missing_lines": [34, 37], "excluded_lines": []}, "": {"executed_lines": [1, 2, 4, 5, 7, 10, 13, 16, 17, 18, 21, 22, 23, 25, 32], "summary": {"covered_lines": 15, "num_statements": 15, "percent_covered": 100.0, "percent_covered_display": "100", "missing_lines": 0, "excluded_lines": 0}, "missing_lines": [], "excluded_lines": []}}}, "src/geodense/lib.py": {"executed_lines": [1, 2, 3, 4, 5, 6, 7, 8, 9, 10, 12, 22, 23, 24, 25, 26, 27, 29, 30, 31, 40, 41, 42, 43, 44, 48, 51, 52, 55, 56, 57, 58, 61, 62, 63, 64, 67, 71, 72, 73, 74, 75, 78, 79, 80, 81, 82, 85, 90, 91, 94, 98, 99, 102, 106, 108, 109, 110, 112, 113, 115, 118, 119, 120, 122, 123, 125, 126, 128, 129, 130, 133, 134, 135, 136, 139, 144, 145, 148, 149, 150, 151, 152, 155, 163, 164, 166, 168, 169, 170, 171, 172, 173, 178, 180, 181, 183, 184, 185, 186, 189, 192, 200, 201, 202, 203, 206, 231, 233, 234, 235, 236, 237, 242, 243, 244, 245, 246, 248, 251, 256, 258, 259, 260, 267, 270, 276, 277, 278, 279, 280, 287, 288, 291, 296, 305, 307, 308, 309, 310, 311, 312, 316, 317, 318, 319, 320, 321, 328, 329, 333, 334, 335, 337, 340, 343, 347, 349, 350, 351, 352, 354, 355, 356, 357, 358, 359, 365, 366, 369, 372, 373, 374, 376, 378, 379, 382, 383, 385, 387, 389, 390, 395, 396, 398, 402, 410, 412, 413, 415, 416, 417, 419, 421, 422, 423, 424, 425, 426, 427, 438, 441, 442, 445, 448, 450, 451, 452, 454, 455, 456, 458, 460, 465, 466, 467, 468, 469, 471, 472, 473, 478, 479, 480, 491, 492, 493, 497, 498, 501, 502, 503, 504, 507, 513, 515, 516, 517, 518, 521, 524, 525, 527, 528, 529, 530, 535, 536, 537, 538, 539, 541, 544, 547, 548, 551, 552, 553, 555, 558, 571, 578, 582, 583, 584, 587, 588, 589, 590, 591, 592, 593, 594, 595, 596, 599, 613, 614, 616, 618, 619, 621, 623, 625, 626, 627, 628, 631, 632, 637, 638, 639, 644, 647, 650, 653, 656, 657, 659, 662, 663, 666, 669, 671, 672, 673, 674, 675, 676, 677, 678, 681, 682, 683, 684, 685, 687, 688, 690, 691, 692, 694, 695, 696, 698, 701], "summary": {"covered_lines": 326, "num_statements": 345, "percent_covered": 94.4927536231884, "percent_covered_display": "94", "missing_lines": 19, "excluded_lines": 0}, "missing_lines": [83, 116, 121, 257, 313, 314, 338, 380, 391, 414, 494, 495, 496, 526, 531, 532, 542, 549, 667], "excluded_lines": [], "functions": {"densify_geojson_object": {"executed_lines": [56, 57, 58], "summary": {"covered_lines": 3, "num_statements": 3, "percent_covered": 100.0, "percent_covered_display": "100", "missing_lines": 0, "excluded_lines": 0}, "missing_lines": [], "excluded_lines": []}, "densify_geometry": {"executed_lines": [62, 63, 64], "summary": {"covered_lines": 3, "num_statements": 3, "percent_covered": 100.0, "percent_covered_display": "100", "missing_lines": 0, "excluded_lines": 0}, "missing_lines": [], "excluded_lines": []}, "densify_line_segment": {"executed_lines": [71, 72, 73, 74, 75], "summary": {"covered_lines": 5, "num_statements": 5, "percent_covered": 100.0, "percent_covered_display": "100", "missing_lines": 0, "excluded_lines": 0}, "missing_lines": [], "excluded_lines": []}, "check_density_geojson_object": {"executed_lines": [79, 80, 81, 82, 85, 90, 91], "summary": {"covered_lines": 7, "num_statements": 8, "percent_covered": 87.5, "percent_covered_display": "88", "missing_lines": 1, "excluded_lines": 0}, "missing_lines": [83], "excluded_lines": []}, "check_density_geometry": {"executed_lines": [98, 99], "summary": {"covered_lines": 2, "num_statements": 2, "percent_covered": 100.0, "percent_covered_display": "100", "missing_lines": 0, "excluded_lines": 0}, "missing_lines": [], "excluded_lines": []}, "check_density_linestring": {"executed_lines": [106, 108, 109, 110, 112, 113, 115, 118, 119, 120, 122, 123, 125, 126, 128, 129, 130, 133, 134, 135, 136], "summary": {"covered_lines": 21, "num_statements": 23, "percent_covered": 91.30434782608695, "percent_covered_display": "91", "missing_lines": 2, "excluded_lines": 0}, "missing_lines": [116, 121], "excluded_lines": []}, "_validate_dependent_file_args": {"executed_lines": [144, 145, 148, 149, 150, 151, 152], "summary": {"covered_lines": 7, "num_statements": 7, "percent_covered": 100.0, "percent_covered_display": "100", "missing_lines": 0, "excluded_lines": 0}, "missing_lines": [], "excluded_lines": []}, "check_density_file": {"executed_lines": [163, 164, 166, 168, 169, 170, 171, 172, 173, 178, 180, 181, 183, 184, 185, 186], "summary": {"covered_lines": 16, "num_statements": 16, "percent_covered": 100.0, "percent_covered_display": "100", "missing_lines": 0, "excluded_lines": 0}, "missing_lines": [], "excluded_lines": []}, "_report_line_string_to_geojson": {"executed_lines": [192, 200, 201, 202, 203], "summary": {"covered_lines": 5, "num_statements": 5, "percent_covered": 100.0, "percent_covered_display": "100", "missing_lines": 0, "excluded_lines": 0}, "missing_lines": [], "excluded_lines": []}, "densify_file": {"executed_lines": [231, 233, 234, 235, 236, 237, 242, 243, 244, 245, 246, 248], "summary": {"covered_lines": 12, "num_statements": 12, "percent_covered": 100.0, "percent_covered_display": "100", "missing_lines": 0, "excluded_lines": 0}, "missing_lines": [], "excluded_lines": []}, "transform_linestrings_in_coordinates": {"executed_lines": [256, 258, 259, 260, 267], "summary": {"covered_lines": 5, "num_statements": 6, "percent_covered": 83.33333333333333, "percent_covered_display": "83", "missing_lines": 1, "excluded_lines": 0}, "missing_lines": [257], "excluded_lines": []}, "traverse_linestrings_in_coordinates": {"executed_lines": [276, 277, 278, 279, 280, 287, 288], "summary": {"covered_lines": 7, "num_statements": 7, "percent_covered": 100.0, "percent_covered_display": "100", "missing_lines": 0, "excluded_lines": 0}, "missing_lines": [], "excluded_lines": []}, "traverse_geojson_geometries": {"executed_lines": [296, 305, 307, 308, 309, 310, 311, 312, 316, 317, 318, 319, 320, 321, 328, 329, 333, 334, 335, 337, 340], "summary": {"covered_lines": 21, "num_statements": 24, "percent_covered": 87.5, "percent_covered_display": "88", "missing_lines": 3, "excluded_lines": 0}, "missing_lines": [313, 314, 338], "excluded_lines": []}, "transform_geojson_geometries": {"executed_lines": [347, 349, 350, 351, 352, 354, 355, 356, 357, 358, 359, 365, 366], "summary": {"covered_lines": 13, "num_statements": 13, "percent_covered": 100.0, "percent_covered_display": "100", "missing_lines": 0, "excluded_lines": 0}, "missing_lines": [], "excluded_lines": []}, "interpolate_geodesic": {"executed_lines": [372, 373, 374, 376, 378, 379, 382, 383, 385, 387, 389, 390, 395, 396, 398, 402, 410, 412, 413, 415, 416, 417, 419, 421, 422, 423, 424, 425, 426, 427, 438], "summary": {"covered_lines": 31, "num_statements": 34, "percent_covered": 91.17647058823529, "percent_covered_display": "91", "missing_lines": 3, "excluded_lines": 0}, "missing_lines": [380, 391, 414], "excluded_lines": []}, "_cartesian_distance": {"executed_lines": [442], "summary": {"covered_lines": 1, "num_statements": 1, "percent_covered": 100.0, "percent_covered_display": "100", "missing_lines": 0, "excluded_lines": 0}, "missing_lines": [], "excluded_lines": []}, "interpolate_src_proj": {"executed_lines": [448, 450, 451, 452, 454, 455, 456, 458, 460, 465, 466, 467, 468, 469, 471, 472, 473], "summary": {"covered_lines": 17, "num_statements": 17, "percent_covered": 100.0, "percent_covered_display": "100", "missing_lines": 0, "excluded_lines": 0}, "missing_lines": [], "excluded_lines": []}, "textio_to_geojson": {"executed_lines": [479, 480, 491, 492, 493, 497, 498], "summary": {"covered_lines": 7, "num_statements": 10, "percent_covered": 70.0, "percent_covered_display": "70", "missing_lines": 3, "excluded_lines": 0}, "missing_lines": [494, 495, 496], "excluded_lines": []}, "_get_crs_geojson": {"executed_lines": [513, 515, 516, 517, 518, 521, 524, 525, 527, 528, 529, 530, 535, 536, 537, 538, 539, 541, 544], "summary": {"covered_lines": 19, "num_statements": 23, "percent_covered": 82.6086956521739, "percent_covered_display": "83", "missing_lines": 4, "excluded_lines": 0}, "missing_lines": [526, 531, 532, 542], "excluded_lines": []}, "_flatten": {"executed_lines": [548, 551, 552, 553, 555], "summary": {"covered_lines": 5, "num_statements": 6, "percent_covered": 83.33333333333333, "percent_covered_display": "83", "missing_lines": 1, "excluded_lines": 0}, "missing_lines": [549], "excluded_lines": []}, "_is_linestring_geom": {"executed_lines": [571], "summary": {"covered_lines": 1, "num_statements": 1, "percent_covered": 100.0, "percent_covered_display": "100", "missing_lines": 0, "excluded_lines": 0}, "missing_lines": [], "excluded_lines": []}, "_transform_positions_in_coordinates": {"executed_lines": [582, 583, 584], "summary": {"covered_lines": 3, "num_statements": 3, "percent_covered": 100.0, "percent_covered_display": "100", "missing_lines": 0, "excluded_lines": 0}, "missing_lines": [], "excluded_lines": []}, "_get_intermediate_nr_points_and_segment_length": {"executed_lines": [588, 589, 590, 591, 592, 593, 594, 595, 596], "summary": {"covered_lines": 9, "num_statements": 9, "percent_covered": 100.0, "percent_covered_display": "100", "missing_lines": 0, "excluded_lines": 0}, "missing_lines": [], "excluded_lines": []}, "_add_vertices_to_line_segment": {"executed_lines": [613, 614, 616, 618, 619, 621, 623, 625, 626, 627, 628], "summary": {"covered_lines": 11, "num_statements": 11, "percent_covered": 100.0, "percent_covered_display": "100", "missing_lines": 0, "excluded_lines": 0}, "missing_lines": [], "excluded_lines": []}, "_round_coordinates": {"executed_lines": [632, 637, 638, 639, 644], "summary": {"covered_lines": 5, "num_statements": 5, "percent_covered": 100.0, "percent_covered_display": "100", "missing_lines": 0, "excluded_lines": 0}, "missing_lines": [], "excluded_lines": []}, "_get_geometry_type": {"executed_lines": [650], "summary": {"covered_lines": 1, "num_statements": 1, "percent_covered": 100.0, "percent_covered_display": "100", "missing_lines": 0, "excluded_lines": 0}, "missing_lines": [], "excluded_lines": []}, "_geom_has_3d_coords": {"executed_lines": [656, 659], "summary": {"covered_lines": 2, "num_statements": 2, "percent_covered": 100.0, "percent_covered_display": "100", "missing_lines": 0, "excluded_lines": 0}, "missing_lines": [], "excluded_lines": []}, "_geom_has_3d_coords._position_is_3d": {"executed_lines": [657], "summary": {"covered_lines": 1, "num_statements": 1, "percent_covered": 100.0, "percent_covered_display": "100", "missing_lines": 0, "excluded_lines": 0}, "missing_lines": [], "excluded_lines": []}, "_has_3d_coordinates": {"executed_lines": [663, 666, 669, 671, 672, 673, 674, 675, 676, 677, 678], "summary": {"covered_lines": 11, "num_statements": 12, "percent_covered": 91.66666666666667, "percent_covered_display": "92", "missing_lines": 1, "excluded_lines": 0}, "missing_lines": [667], "excluded_lines": []}, "validate_geom_type": {"executed_lines": [682, 683, 684, 685, 687, 688, 690, 691, 692, 694, 695, 696, 698, 701], "summary": {"covered_lines": 14, "num_statements": 14, "percent_covered": 100.0, "percent_covered_display": "100", "missing_lines": 0, "excluded_lines": 0}, "missing_lines": [], "excluded_lines": []}, "": {"executed_lines": [1, 2, 3, 4, 5, 6, 7, 8, 9, 10, 12, 22, 23, 24, 25, 26, 27, 29, 30, 31, 40, 41, 42, 43, 44, 48, 51, 52, 55, 61, 67, 78, 94, 102, 139, 155, 189, 206, 251, 270, 291, 343, 369, 441, 445, 478, 501, 502, 503, 504, 507, 547, 558, 578, 587, 599, 631, 647, 653, 662, 681], "summary": {"covered_lines": 61, "num_statements": 61, "percent_covered": 100.0, "percent_covered_display": "100", "missing_lines": 0, "excluded_lines": 0}, "missing_lines": [], "excluded_lines": []}}, "classes": {"InfValCoordinateError": {"executed_lines": [], "summary": {"covered_lines": 0, "num_statements": 0, "percent_covered": 100.0, "percent_covered_display": "100", "missing_lines": 0, "excluded_lines": 0}, "missing_lines": [], "excluded_lines": []}, "Has3D": {"executed_lines": [], "summary": {"covered_lines": 0, "num_statements": 0, "percent_covered": 100.0, "percent_covered_display": "100", "missing_lines": 0, "excluded_lines": 0}, "missing_lines": [], "excluded_lines": []}, "": {"executed_lines": [1, 2, 3, 4, 5, 6, 7, 8, 9, 10, 12, 22, 23, 24, 25, 26, 27, 29, 30, 31, 40, 41, 42, 43, 44, 48, 51, 52, 55, 56, 57, 58, 61, 62, 63, 64, 67, 71, 72, 73, 74, 75, 78, 79, 80, 81, 82, 85, 90, 91, 94, 98, 99, 102, 106, 108, 109, 110, 112, 113, 115, 118, 119, 120, 122, 123, 125, 126, 128, 129, 130, 133, 134, 135, 136, 139, 144, 145, 148, 149, 150, 151, 152, 155, 163, 164, 166, 168, 169, 170, 171, 172, 173, 178, 180, 181, 183, 184, 185, 186, 189, 192, 200, 201, 202, 203, 206, 231, 233, 234, 235, 236, 237, 242, 243, 244, 245, 246, 248, 251, 256, 258, 259, 260, 267, 270, 276, 277, 278, 279, 280, 287, 288, 291, 296, 305, 307, 308, 309, 310, 311, 312, 316, 317, 318, 319, 320, 321, 328, 329, 333, 334, 335, 337, 340, 343, 347, 349, 350, 351, 352, 354, 355, 356, 357, 358, 359, 365, 366, 369, 372, 373, 374, 376, 378, 379, 382, 383, 385, 387, 389, 390, 395, 396, 398, 402, 410, 412, 413, 415, 416, 417, 419, 421, 422, 423, 424, 425, 426, 427, 438, 441, 442, 445, 448, 450, 451, 452, 454, 455, 456, 458, 460, 465, 466, 467, 468, 469, 471, 472, 473, 478, 479, 480, 491, 492, 493, 497, 498, 501, 502, 503, 504, 507, 513, 515, 516, 517, 518, 521, 524, 525, 527, 528, 529, 530, 535, 536, 537, 538, 539, 541, 544, 547, 548, 551, 552, 553, 555, 558, 571, 578, 582, 583, 584, 587, 588, 589, 590, 591, 592, 593, 594, 595, 596, 599, 613, 614, 616, 618, 619, 621, 623, 625, 626, 627, 628, 631, 632, 637, 638, 639, 644, 647, 650, 653, 656, 657, 659, 662, 663, 666, 669, 671, 672, 673, 674, 675, 676, 677, 678, 681, 682, 683, 684, 685, 687, 688, 690, 691, 692, 694, 695, 696, 698, 701], "summary": {"covered_lines": 326, "num_statements": 345, "percent_covered": 94.4927536231884, "percent_covered_display": "94", "missing_lines": 19, "excluded_lines": 0}, "missing_lines": [83, 116, 121, 257, 313, 314, 338, 380, 391, 414, 494, 495, 496, 526, 531, 532, 542, 549, 667], "excluded_lines": []}}}, "src/geodense/main.py": {"executed_lines": [1, 2, 3, 4, 5, 6, 7, 8, 10, 12, 13, 18, 20, 23, 24, 25, 26, 27, 28, 29, 30, 31, 32, 33, 35, 38, 39, 47, 57, 58, 66, 68, 77, 78, 80, 82, 83, 85, 88, 91, 92, 95, 96, 97, 99, 105, 106, 108, 113, 118, 124, 132, 139, 147, 149, 157, 159, 166, 171, 178, 185, 192, 201, 208, 209, 211, 212, 214, 215, 216, 217, 218, 219, 220, 221, 222, 225, 226, 227, 228, 231, 237, 238, 241, 242, 249, 259, 265, 268], "summary": {"covered_lines": 89, "num_statements": 93, "percent_covered": 95.6989247311828, "percent_covered_display": "96", "missing_lines": 4, "excluded_lines": 1}, "missing_lines": [254, 255, 257, 264], "excluded_lines": [269], "functions": {"cli_exception_handler": {"executed_lines": [25, 35], "summary": {"covered_lines": 2, "num_statements": 2, "percent_covered": 100.0, "percent_covered_display": "100", "missing_lines": 0, "excluded_lines": 0}, "missing_lines": [], "excluded_lines": []}, "cli_exception_handler.decorated": {"executed_lines": [26, 27, 28, 29, 30, 31, 32, 33], "summary": {"covered_lines": 8, "num_statements": 8, "percent_covered": 100.0, "percent_covered_display": "100", "missing_lines": 0, "excluded_lines": 0}, "missing_lines": [], "excluded_lines": []}, "densify_cmd": {"executed_lines": [47], "summary": {"covered_lines": 1, "num_statements": 1, "percent_covered": 100.0, "percent_covered_display": "100", "missing_lines": 0, "excluded_lines": 0}, "missing_lines": [], "excluded_lines": []}, "check_density_cmd": {"executed_lines": [66, 68, 77, 78, 80, 82, 83, 85, 88], "summary": {"covered_lines": 9, "num_statements": 9, "percent_covered": 100.0, "percent_covered_display": "100", "missing_lines": 0, "excluded_lines": 0}, "missing_lines": [], "excluded_lines": []}, "main": {"executed_lines": [92, 95, 96, 97, 99, 105, 106, 108, 113, 118, 124, 132, 139, 147, 149, 157, 159, 166, 171, 178, 185, 192, 201, 208, 209, 211, 212, 214, 215, 216, 217, 218, 219, 220, 221, 222], "summary": {"covered_lines": 36, "num_statements": 36, "percent_covered": 100.0, "percent_covered_display": "100", "missing_lines": 0, "excluded_lines": 0}, "missing_lines": [], "excluded_lines": []}, "is_json_file_arg": {"executed_lines": [237, 238, 241, 242, 249, 259, 265], "summary": {"covered_lines": 7, "num_statements": 11, "percent_covered": 63.63636363636363, "percent_covered_display": "64", "missing_lines": 4, "excluded_lines": 0}, "missing_lines": [254, 255, 257, 264], "excluded_lines": []}, "": {"executed_lines": [1, 2, 3, 4, 5, 6, 7, 8, 10, 12, 13, 18, 20, 23, 24, 38, 39, 57, 58, 91, 225, 226, 227, 228, 231, 268], "summary": {"covered_lines": 26, "num_statements": 26, "percent_covered": 100.0, "percent_covered_display": "100", "missing_lines": 0, "excluded_lines": 1}, "missing_lines": [], "excluded_lines": [269]}}, "classes": {"FileRequired": {"executed_lines": [], "summary": {"covered_lines": 0, "num_statements": 0, "percent_covered": 100.0, "percent_covered_display": "100", "missing_lines": 0, "excluded_lines": 0}, "missing_lines": [], "excluded_lines": []}, "": {"executed_lines": [1, 2, 3, 4, 5, 6, 7, 8, 10, 12, 13, 18, 20, 23, 24, 25, 26, 27, 28, 29, 30, 31, 32, 33, 35, 38, 39, 47, 57, 58, 66, 68, 77, 78, 80, 82, 83, 85, 88, 91, 92, 95, 96, 97, 99, 105, 106, 108, 113, 118, 124, 132, 139, 147, 149, 157, 159, 166, 171, 178, 185, 192, 201, 208, 209, 211, 212, 214, 215, 216, 217, 218, 219, 220, 221, 222, 225, 226, 227, 228, 231, 237, 238, 241, 242, 249, 259, 265, 268], "summary": {"covered_lines": 89, "num_statements": 93, "percent_covered": 95.6989247311828, "percent_covered_display": "96", "missing_lines": 4, "excluded_lines": 1}, "missing_lines": [254, 255, 257, 264], "excluded_lines": [269]}}}, "src/geodense/models.py": {"executed_lines": [1, 2, 4, 5, 6, 9, 10, 13, 14, 16, 22, 24, 25, 29, 30, 31, 32, 33, 34, 35, 36, 37, 40, 42, 44, 45, 49, 50, 53, 56, 57, 58, 59, 60, 61, 62, 64, 65, 67], "summary": {"covered_lines": 39, "num_statements": 44, "percent_covered": 88.63636363636364, "percent_covered_display": "89", "missing_lines": 5, "excluded_lines": 0}, "missing_lines": [39, 41, 51, 54, 66], "excluded_lines": [], "functions": {"DenseConfig.__init__": {"executed_lines": [22, 24, 25, 29, 30, 31, 32, 33, 34, 35, 36, 37, 40, 42, 44, 45], "summary": {"covered_lines": 16, "num_statements": 18, "percent_covered": 88.88888888888889, "percent_covered_display": "89", "missing_lines": 2, "excluded_lines": 0}, "missing_lines": [39, 41], "excluded_lines": []}, "DenseConfig._get_base_crs": {"executed_lines": [50, 53, 56, 57, 58, 59, 60, 61, 62], "summary": {"covered_lines": 9, "num_statements": 11, "percent_covered": 81.81818181818181, "percent_covered_display": "82", "missing_lines": 2, "excluded_lines": 0}, "missing_lines": [51, 54], "excluded_lines": []}, "DenseConfig.get_coord_precision": {"executed_lines": [65, 67], "summary": {"covered_lines": 2, "num_statements": 3, "percent_covered": 66.66666666666667, "percent_covered_display": "67", "missing_lines": 1, "excluded_lines": 0}, "missing_lines": [66], "excluded_lines": []}, "": {"executed_lines": [1, 2, 4, 5, 6, 9, 10, 13, 14, 16, 49, 64], "summary": {"covered_lines": 12, "num_statements": 12, "percent_covered": 100.0, "percent_covered_display": "100", "missing_lines": 0, "excluded_lines": 0}, "missing_lines": [], "excluded_lines": []}}, "classes": {"GeodenseError": {"executed_lines": [], "summary": {"covered_lines": 0, "num_statements": 0, "percent_covered": 100.0, "percent_covered_display": "100", "missing_lines": 0, "excluded_lines": 0}, "missing_lines": [], "excluded_lines": []}, "DenseConfig": {"executed_lines": [22, 24, 25, 29, 30, 31, 32, 33, 34, 35, 36, 37, 40, 42, 44, 45, 50, 53, 56, 57, 58, 59, 60, 61, 62, 65, 67], "summary": {"covered_lines": 27, "num_statements": 32, "percent_covered": 84.375, "percent_covered_display": "84", "missing_lines": 5, "excluded_lines": 0}, "missing_lines": [39, 41, 51, 54, 66], "excluded_lines": []}, "": {"executed_lines": [1, 2, 4, 5, 6, 9, 10, 13, 14, 16, 49, 64], "summary": {"covered_lines": 12, "num_statements": 12, "percent_covered": 100.0, "percent_covered_display": "100", "missing_lines": 0, "excluded_lines": 0}, "missing_lines": [], "excluded_lines": []}}}, "src/geodense/types.py": {"executed_lines": [1, 2, 4, 14, 15, 23, 25, 27, 29, 31, 36, 38], "summary": {"covered_lines": 12, "num_statements": 12, "percent_covered": 100.0, "percent_covered_display": "100", "missing_lines": 0, "excluded_lines": 0}, "missing_lines": [], "excluded_lines": [], "functions": {"": {"executed_lines": [1, 2, 4, 14, 15, 23, 25, 27, 29, 31, 36, 38], "summary": {"covered_lines": 12, "num_statements": 12, "percent_covered": 100.0, "percent_covered_display": "100", "missing_lines": 0, "excluded_lines": 0}, "missing_lines": [], "excluded_lines": []}}, "classes": {"": {"executed_lines": [1, 2, 4, 14, 15, 23, 25, 27, 29, 31, 36, 38], "summary": {"covered_lines": 12, "num_statements": 12, "percent_covered": 100.0, "percent_covered_display": "100", "missing_lines": 0, "excluded_lines": 0}, "missing_lines": [], "excluded_lines": []}}}}, "totals": {"covered_lines": 516, "num_statements": 546, "percent_covered": 94.50549450549451, "percent_covered_display": "95", "missing_lines": 30, "excluded_lines": 1}}